2024-06-11T08:57:22.604-04:00  INFO 13896 --- [com.printdrawingsearch] [restartedMain] c.p.FinalProjectPrintDrawings            : Starting FinalProjectPrintDrawings using Java 17.0.10 with PID 13896 (C:\Users\SCOTT\Documents\06_CPCC_SPRING_2024\CSC-258-N801-JAVA_ENTERPRISE_PROGRAMS\STS_WORKSPACE_DARK\PrintSearchAPI-with-JWT-Security-main\target\classes started by SCOTT in C:\Users\SCOTT\Documents\06_CPCC_SPRING_2024\CSC-258-N801-JAVA_ENTERPRISE_PROGRAMS\STS_WORKSPACE_DARK\PrintSearchAPI-with-JWT-Security-main)
2024-06-11T08:57:22.614-04:00  INFO 13896 --- [com.printdrawingsearch] [restartedMain] c.p.FinalProjectPrintDrawings            : No active profile set, falling back to 1 default profile: "default"
2024-06-11T08:57:22.679-04:00  INFO 13896 --- [com.printdrawingsearch] [restartedMain] .e.DevToolsPropertyDefaultsPostProcessor : Devtools property defaults active! Set 'spring.devtools.add-properties' to 'false' to disable
2024-06-11T08:57:22.680-04:00  INFO 13896 --- [com.printdrawingsearch] [restartedMain] .e.DevToolsPropertyDefaultsPostProcessor : For additional web related logging consider setting the 'logging.level.web' property to 'DEBUG'
2024-06-11T08:57:23.573-04:00  INFO 13896 --- [com.printdrawingsearch] [restartedMain] .s.d.r.c.RepositoryConfigurationDelegate : Bootstrapping Spring Data JPA repositories in DEFAULT mode.
2024-06-11T08:57:23.657-04:00  INFO 13896 --- [com.printdrawingsearch] [restartedMain] .s.d.r.c.RepositoryConfigurationDelegate : Finished Spring Data repository scanning in 74 ms. Found 3 JPA repository interfaces.
2024-06-11T08:57:24.407-04:00  INFO 13896 --- [com.printdrawingsearch] [restartedMain] o.s.b.w.embedded.tomcat.TomcatWebServer  : Tomcat initialized with port 8080 (http)
2024-06-11T08:57:24.424-04:00  INFO 13896 --- [com.printdrawingsearch] [restartedMain] o.apache.catalina.core.StandardService   : Starting service [Tomcat]
2024-06-11T08:57:24.424-04:00  INFO 13896 --- [com.printdrawingsearch] [restartedMain] o.apache.catalina.core.StandardEngine    : Starting Servlet engine: [Apache Tomcat/10.1.24]
2024-06-11T08:57:24.524-04:00  INFO 13896 --- [com.printdrawingsearch] [restartedMain] o.a.c.c.C.[Tomcat].[localhost].[/]       : Initializing Spring embedded WebApplicationContext
2024-06-11T08:57:24.524-04:00  INFO 13896 --- [com.printdrawingsearch] [restartedMain] w.s.c.ServletWebServerApplicationContext : Root WebApplicationContext: initialization completed in 1843 ms
2024-06-11T08:57:24.677-04:00  INFO 13896 --- [com.printdrawingsearch] [restartedMain] o.hibernate.jpa.internal.util.LogHelper  : HHH000204: Processing PersistenceUnitInfo [name: default]
2024-06-11T08:57:24.767-04:00  INFO 13896 --- [com.printdrawingsearch] [restartedMain] org.hibernate.Version                    : HHH000412: Hibernate ORM core version 6.5.2.Final
2024-06-11T08:57:24.824-04:00  INFO 13896 --- [com.printdrawingsearch] [restartedMain] o.h.c.internal.RegionFactoryInitiator    : HHH000026: Second-level cache disabled
2024-06-11T08:57:25.208-04:00  INFO 13896 --- [com.printdrawingsearch] [restartedMain] o.s.o.j.p.SpringPersistenceUnitInfo      : No LoadTimeWeaver setup: ignoring JPA class transformer
2024-06-11T08:57:25.254-04:00  INFO 13896 --- [com.printdrawingsearch] [restartedMain] com.zaxxer.hikari.HikariDataSource       : HikariPool-1 - Starting...
2024-06-11T08:57:25.643-04:00  INFO 13896 --- [com.printdrawingsearch] [restartedMain] com.zaxxer.hikari.pool.HikariPool        : HikariPool-1 - Added connection com.mysql.cj.jdbc.ConnectionImpl@4a3c962a
2024-06-11T08:57:25.647-04:00  INFO 13896 --- [com.printdrawingsearch] [restartedMain] com.zaxxer.hikari.HikariDataSource       : HikariPool-1 - Start completed.
2024-06-11T08:57:26.791-04:00  INFO 13896 --- [com.printdrawingsearch] [restartedMain] o.h.e.t.j.p.i.JtaPlatformInitiator       : HHH000489: No JTA platform available (set 'hibernate.transaction.jta.platform' to enable JTA platform integration)
2024-06-11T08:57:26.924-04:00  INFO 13896 --- [com.printdrawingsearch] [restartedMain] j.LocalContainerEntityManagerFactoryBean : Initialized JPA EntityManagerFactory for persistence unit 'default'
2024-06-11T08:57:27.318-04:00  INFO 13896 --- [com.printdrawingsearch] [restartedMain] o.s.d.j.r.query.QueryEnhancerFactory     : Hibernate is in classpath; If applicable, HQL parser will be used.
2024-06-11T08:57:27.775-04:00  WARN 13896 --- [com.printdrawingsearch] [restartedMain] JpaBaseConfiguration$JpaWebConfiguration : spring.jpa.open-in-view is enabled by default. Therefore, database queries may be performed during view rendering. Explicitly configure spring.jpa.open-in-view to disable this warning
2024-06-11T08:57:27.794-04:00  INFO 13896 --- [com.printdrawingsearch] [restartedMain] eAuthenticationProviderManagerConfigurer : Global AuthenticationManager configured with AuthenticationProvider bean with name authenticationProvider
2024-06-11T08:57:27.795-04:00  WARN 13896 --- [com.printdrawingsearch] [restartedMain] r$InitializeUserDetailsManagerConfigurer : Global AuthenticationManager configured with an AuthenticationProvider bean. UserDetailsService beans will not be used for username/password login. Consider removing the AuthenticationProvider bean. Alternatively, consider using the UserDetailsService in a manually instantiated DaoAuthenticationProvider.
2024-06-11T08:57:28.105-04:00  INFO 13896 --- [com.printdrawingsearch] [restartedMain] o.s.s.web.DefaultSecurityFilterChain     : Will secure any request with [org.springframework.security.web.session.DisableEncodeUrlFilter@658979ab, org.springframework.security.web.context.request.async.WebAsyncManagerIntegrationFilter@4085b80d, org.springframework.security.web.context.SecurityContextHolderFilter@7e5e5a3f, org.springframework.security.web.header.HeaderWriterFilter@476ea478, org.springframework.web.filter.CorsFilter@38028b18, org.springframework.security.web.authentication.logout.LogoutFilter@589cea1e, com.printdrawingsearch.security.JwtAuthenticationFilter$$SpringCGLIB$$0@345435c5, org.springframework.security.web.authentication.UsernamePasswordAuthenticationFilter@169ddc51, org.springframework.security.web.authentication.ui.DefaultLoginPageGeneratingFilter@266fab15, org.springframework.security.web.authentication.ui.DefaultLogoutPageGeneratingFilter@79aa3dff, org.springframework.security.web.savedrequest.RequestCacheAwareFilter@4468a6ac, org.springframework.security.web.servletapi.SecurityContextHolderAwareRequestFilter@6572c0a, org.springframework.security.web.authentication.AnonymousAuthenticationFilter@57405740, org.springframework.security.web.access.ExceptionTranslationFilter@4b617c24, org.springframework.security.web.access.intercept.AuthorizationFilter@524eece3]
2024-06-11T08:57:28.370-04:00  INFO 13896 --- [com.printdrawingsearch] [restartedMain] o.s.b.d.a.OptionalLiveReloadServer       : LiveReload server is running on port 35729
2024-06-11T08:57:28.423-04:00  INFO 13896 --- [com.printdrawingsearch] [restartedMain] o.s.b.w.embedded.tomcat.TomcatWebServer  : Tomcat started on port 8080 (http) with context path '/'
2024-06-11T08:57:28.434-04:00  INFO 13896 --- [com.printdrawingsearch] [restartedMain] c.p.FinalProjectPrintDrawings            : Started FinalProjectPrintDrawings in 6.363 seconds (process running for 7.511)
2024-06-11T09:05:42.862-04:00  INFO 13896 --- [com.printdrawingsearch] [RMI TCP Connection(13)-127.0.0.1] inMXBeanRegistrar$SpringApplicationAdmin : Application shutdown requested.
2024-06-11T09:05:42.882-04:00  INFO 13896 --- [com.printdrawingsearch] [RMI TCP Connection(13)-127.0.0.1] j.LocalContainerEntityManagerFactoryBean : Closing JPA EntityManagerFactory for persistence unit 'default'
2024-06-11T09:05:42.886-04:00  INFO 13896 --- [com.printdrawingsearch] [RMI TCP Connection(13)-127.0.0.1] com.zaxxer.hikari.HikariDataSource       : HikariPool-1 - Shutdown initiated...
2024-06-11T09:05:42.899-04:00  INFO 13896 --- [com.printdrawingsearch] [RMI TCP Connection(13)-127.0.0.1] com.zaxxer.hikari.HikariDataSource       : HikariPool-1 - Shutdown completed.
